<?xml version="1.0" encoding="UTF-8"?>
<!-- Generated by org.testng.reporters.JUnitReportReporter -->
<testsuite hostname="LAPTOP-FJ57LSDA" failures="0" tests="1" name="runner.CucumberRunner" time="23.477" errors="0" timestamp="2025-07-09T12:12:44 IST" skipped="0">
  <testcase classname="runner.CucumberRunner" name="runScenario" time="23.477"/>
  <system-out/>
</testsuite> <!-- runner.CucumberRunner -->
